<?xml version="1.0" encoding="UTF-8"?>
<testng-results ignored="0" total="2" passed="2" failed="0" skipped="0">
  <reporter-output>
  </reporter-output>
  <suite started-at="2024-09-10T09:36:55 IST" name="Suite" finished-at="2024-09-10T09:37:15 IST" duration-ms="20574">
    <groups>
      <group name="Master">
        <method signature="TC001_AccountRegistraionTest.verify_account_registration()[pri:0, instance:testCases.TC001_AccountRegistraionTest@5656be13]" name="verify_account_registration" class="testCases.TC001_AccountRegistraionTest"/>
        <method signature="TC002_LoginTest.verify_login()[pri:0, instance:testCases.TC002_LoginTest@71d44a3]" name="verify_login" class="testCases.TC002_LoginTest"/>
      </group> <!-- Master -->
      <group name="Sanity">
        <method signature="TC002_LoginTest.verify_login()[pri:0, instance:testCases.TC002_LoginTest@71d44a3]" name="verify_login" class="testCases.TC002_LoginTest"/>
      </group> <!-- Sanity -->
      <group name="Regression">
        <method signature="TC001_AccountRegistraionTest.verify_account_registration()[pri:0, instance:testCases.TC001_AccountRegistraionTest@5656be13]" name="verify_account_registration" class="testCases.TC001_AccountRegistraionTest"/>
      </group> <!-- Regression -->
    </groups>
    <test started-at="2024-09-10T09:36:55 IST" name="Test" finished-at="2024-09-10T09:37:15 IST" duration-ms="20574">
      <class name="testCases.TC002_LoginTest">
        <test-method is-config="true" signature="setup(java.lang.String,java.lang.String)[pri:0, instance:testCases.TC002_LoginTest@71d44a3]" started-at="2024-09-10T09:37:08 IST" name="setup" finished-at="2024-09-10T09:37:12 IST" duration-ms="4493" status="PASS">
          <params>
            <param index="0">
              <value>
                <![CDATA[Windows]]>
              </value>
            </param>
            <param index="1">
              <value>
                <![CDATA[chrome]]>
              </value>
            </param>
          </params>
          <reporter-output>
          </reporter-output>
        </test-method> <!-- setup -->
        <test-method signature="verify_login()[pri:0, instance:testCases.TC002_LoginTest@71d44a3]" started-at="2024-09-10T09:37:12 IST" name="verify_login" finished-at="2024-09-10T09:37:15 IST" duration-ms="2437" status="PASS">
          <reporter-output>
          </reporter-output>
        </test-method> <!-- verify_login -->
        <test-method is-config="true" signature="teardown()[pri:0, instance:testCases.TC002_LoginTest@71d44a3]" started-at="2024-09-10T09:37:15 IST" name="teardown" finished-at="2024-09-10T09:37:15 IST" duration-ms="658" status="PASS">
          <reporter-output>
          </reporter-output>
        </test-method> <!-- teardown -->
      </class> <!-- testCases.TC002_LoginTest -->
      <class name="testCases.TC001_AccountRegistraionTest">
        <test-method is-config="true" signature="setup(java.lang.String,java.lang.String)[pri:0, instance:testCases.TC001_AccountRegistraionTest@5656be13]" started-at="2024-09-10T09:36:55 IST" name="setup" finished-at="2024-09-10T09:37:04 IST" duration-ms="8469" status="PASS">
          <params>
            <param index="0">
              <value>
                <![CDATA[Windows]]>
              </value>
            </param>
            <param index="1">
              <value>
                <![CDATA[chrome]]>
              </value>
            </param>
          </params>
          <reporter-output>
          </reporter-output>
        </test-method> <!-- setup -->
        <test-method signature="verify_account_registration()[pri:0, instance:testCases.TC001_AccountRegistraionTest@5656be13]" started-at="2024-09-10T09:37:04 IST" name="verify_account_registration" finished-at="2024-09-10T09:37:07 IST" duration-ms="3507" status="PASS">
          <reporter-output>
          </reporter-output>
        </test-method> <!-- verify_account_registration -->
        <test-method is-config="true" signature="teardown()[pri:0, instance:testCases.TC001_AccountRegistraionTest@5656be13]" started-at="2024-09-10T09:37:07 IST" name="teardown" finished-at="2024-09-10T09:37:08 IST" duration-ms="414" status="PASS">
          <reporter-output>
          </reporter-output>
        </test-method> <!-- teardown -->
      </class> <!-- testCases.TC001_AccountRegistraionTest -->
    </test> <!-- Test -->
  </suite> <!-- Suite -->
</testng-results>
