<?xml version="1.0" encoding="UTF-8"?>
<testng-results ignored="0" total="4" passed="4" failed="0" skipped="0">
  <reporter-output>
  </reporter-output>
  <suite started-at="2024-09-08T21:27:09 IST" name="Suite" finished-at="2024-09-08T21:27:58 IST" duration-ms="48624">
    <groups>
      <group name="Master">
        <method signature="TC001_AccountRegistraionTest.verify_account_registration()[pri:0, instance:testCases.TC001_AccountRegistraionTest@4009e306]" name="verify_account_registration" class="testCases.TC001_AccountRegistraionTest"/>
        <method signature="TC002_LoginTest.verify_login()[pri:0, instance:testCases.TC002_LoginTest@4988d8b8]" name="verify_login" class="testCases.TC002_LoginTest"/>
        <method signature="TC001_AccountRegistraionTest.verify_account_registration()[pri:0, instance:testCases.TC001_AccountRegistraionTest@d21a74c]" name="verify_account_registration" class="testCases.TC001_AccountRegistraionTest"/>
        <method signature="TC002_LoginTest.verify_login()[pri:0, instance:testCases.TC002_LoginTest@6e509ffa]" name="verify_login" class="testCases.TC002_LoginTest"/>
      </group> <!-- Master -->
      <group name="Sanity">
        <method signature="TC002_LoginTest.verify_login()[pri:0, instance:testCases.TC002_LoginTest@4988d8b8]" name="verify_login" class="testCases.TC002_LoginTest"/>
        <method signature="TC002_LoginTest.verify_login()[pri:0, instance:testCases.TC002_LoginTest@6e509ffa]" name="verify_login" class="testCases.TC002_LoginTest"/>
      </group> <!-- Sanity -->
      <group name="Regression">
        <method signature="TC001_AccountRegistraionTest.verify_account_registration()[pri:0, instance:testCases.TC001_AccountRegistraionTest@4009e306]" name="verify_account_registration" class="testCases.TC001_AccountRegistraionTest"/>
        <method signature="TC001_AccountRegistraionTest.verify_account_registration()[pri:0, instance:testCases.TC001_AccountRegistraionTest@d21a74c]" name="verify_account_registration" class="testCases.TC001_AccountRegistraionTest"/>
      </group> <!-- Regression -->
    </groups>
    <test started-at="2024-09-08T21:27:09 IST" name="Test" finished-at="2024-09-08T21:27:30 IST" duration-ms="21219">
      <class name="testCases.TC002_LoginTest">
        <test-method is-config="true" signature="setup(java.lang.String,java.lang.String)[pri:0, instance:testCases.TC002_LoginTest@4988d8b8]" started-at="2024-09-08T21:27:25 IST" name="setup" finished-at="2024-09-08T21:27:28 IST" duration-ms="2929" status="PASS">
          <params>
            <param index="0">
              <value>
                <![CDATA[linux]]>
              </value>
            </param>
            <param index="1">
              <value>
                <![CDATA[chrome]]>
              </value>
            </param>
          </params>
          <reporter-output>
          </reporter-output>
        </test-method> <!-- setup -->
        <test-method signature="verify_login()[pri:0, instance:testCases.TC002_LoginTest@4988d8b8]" started-at="2024-09-08T21:27:28 IST" name="verify_login" finished-at="2024-09-08T21:27:30 IST" duration-ms="2256" status="PASS">
          <reporter-output>
          </reporter-output>
        </test-method> <!-- verify_login -->
        <test-method is-config="true" signature="teardown()[pri:0, instance:testCases.TC002_LoginTest@4988d8b8]" started-at="2024-09-08T21:27:30 IST" name="teardown" finished-at="2024-09-08T21:27:30 IST" duration-ms="114" status="PASS">
          <reporter-output>
          </reporter-output>
        </test-method> <!-- teardown -->
      </class> <!-- testCases.TC002_LoginTest -->
      <class name="testCases.TC001_AccountRegistraionTest">
        <test-method is-config="true" signature="setup(java.lang.String,java.lang.String)[pri:0, instance:testCases.TC001_AccountRegistraionTest@4009e306]" started-at="2024-09-08T21:27:10 IST" name="setup" finished-at="2024-09-08T21:27:20 IST" duration-ms="10327" status="PASS">
          <params>
            <param index="0">
              <value>
                <![CDATA[linux]]>
              </value>
            </param>
            <param index="1">
              <value>
                <![CDATA[chrome]]>
              </value>
            </param>
          </params>
          <reporter-output>
          </reporter-output>
        </test-method> <!-- setup -->
        <test-method signature="verify_account_registration()[pri:0, instance:testCases.TC001_AccountRegistraionTest@4009e306]" started-at="2024-09-08T21:27:20 IST" name="verify_account_registration" finished-at="2024-09-08T21:27:25 IST" duration-ms="4546" status="PASS">
          <reporter-output>
          </reporter-output>
        </test-method> <!-- verify_account_registration -->
        <test-method is-config="true" signature="teardown()[pri:0, instance:testCases.TC001_AccountRegistraionTest@4009e306]" started-at="2024-09-08T21:27:25 IST" name="teardown" finished-at="2024-09-08T21:27:25 IST" duration-ms="224" status="PASS">
          <reporter-output>
          </reporter-output>
        </test-method> <!-- teardown -->
      </class> <!-- testCases.TC001_AccountRegistraionTest -->
    </test> <!-- Test -->
    <test started-at="2024-09-08T21:27:32 IST" name="Test2" finished-at="2024-09-08T21:27:58 IST" duration-ms="25643">
      <class name="testCases.TC002_LoginTest">
        <test-method is-config="true" signature="setup(java.lang.String,java.lang.String)[pri:0, instance:testCases.TC002_LoginTest@6e509ffa]" started-at="2024-09-08T21:27:48 IST" name="setup" finished-at="2024-09-08T21:27:54 IST" duration-ms="6055" status="PASS">
          <params>
            <param index="0">
              <value>
                <![CDATA[linux]]>
              </value>
            </param>
            <param index="1">
              <value>
                <![CDATA[firefox]]>
              </value>
            </param>
          </params>
          <reporter-output>
          </reporter-output>
        </test-method> <!-- setup -->
        <test-method signature="verify_login()[pri:0, instance:testCases.TC002_LoginTest@6e509ffa]" started-at="2024-09-08T21:27:54 IST" name="verify_login" finished-at="2024-09-08T21:27:56 IST" duration-ms="2373" status="PASS">
          <reporter-output>
          </reporter-output>
        </test-method> <!-- verify_login -->
        <test-method is-config="true" signature="teardown()[pri:0, instance:testCases.TC002_LoginTest@6e509ffa]" started-at="2024-09-08T21:27:56 IST" name="teardown" finished-at="2024-09-08T21:27:58 IST" duration-ms="1198" status="PASS">
          <reporter-output>
          </reporter-output>
        </test-method> <!-- teardown -->
      </class> <!-- testCases.TC002_LoginTest -->
      <class name="testCases.TC001_AccountRegistraionTest">
        <test-method is-config="true" signature="setup(java.lang.String,java.lang.String)[pri:0, instance:testCases.TC001_AccountRegistraionTest@d21a74c]" started-at="2024-09-08T21:27:32 IST" name="setup" finished-at="2024-09-08T21:27:43 IST" duration-ms="11113" status="PASS">
          <params>
            <param index="0">
              <value>
                <![CDATA[linux]]>
              </value>
            </param>
            <param index="1">
              <value>
                <![CDATA[firefox]]>
              </value>
            </param>
          </params>
          <reporter-output>
          </reporter-output>
        </test-method> <!-- setup -->
        <test-method signature="verify_account_registration()[pri:0, instance:testCases.TC001_AccountRegistraionTest@d21a74c]" started-at="2024-09-08T21:27:43 IST" name="verify_account_registration" finished-at="2024-09-08T21:27:47 IST" duration-ms="3657" status="PASS">
          <reporter-output>
          </reporter-output>
        </test-method> <!-- verify_account_registration -->
        <test-method is-config="true" signature="teardown()[pri:0, instance:testCases.TC001_AccountRegistraionTest@d21a74c]" started-at="2024-09-08T21:27:47 IST" name="teardown" finished-at="2024-09-08T21:27:48 IST" duration-ms="1218" status="PASS">
          <reporter-output>
          </reporter-output>
        </test-method> <!-- teardown -->
      </class> <!-- testCases.TC001_AccountRegistraionTest -->
    </test> <!-- Test2 -->
  </suite> <!-- Suite -->
</testng-results>
